will listen on port 4440
server listening on port 4440
will listen on port 4440
server listening on port 4440
will listen on port 4444
server listening on port 4444
will listen on port 4444
events.js:167
      throw er; // Unhandled 'error' event
      ^

Error: listen EADDRINUSE: address already in use :::4444
    at Server.setupListenHandle [as _listen2] (net.js:1290:14)
    at listenInCluster (net.js:1338:12)
    at Server.listen (net.js:1425:7)
    at Function.listen (C:\Users\barbi\Downloads\MODS\NM2207\nm2207\Assignments\H08_Timer_Game\node_modules\express\lib\application.js:618:24)
    at Object.<anonymous> (C:\Users\barbi\Downloads\MODS\NM2207\nm2207\Assignments\H08_Timer_Game\myNodeServer.js:12:8)
    at Module._compile (internal/modules/cjs/loader.js:689:30)
    at Object.Module._extensions..js (internal/modules/cjs/loader.js:700:10)
    at Module.load (internal/modules/cjs/loader.js:599:32)
    at tryModuleLoad (internal/modules/cjs/loader.js:538:12)
    at Function.Module._load (internal/modules/cjs/loader.js:530:3)
Emitted 'error' event at:
    at emitErrorNT (net.js:1317:8)
    at process._tickCallback (internal/process/next_tick.js:63:19)
    at Function.Module.runMain (internal/modules/cjs/loader.js:745:11)
    at startup (internal/bootstrap/node.js:283:19)
    at bootstrapNodeJSCore (internal/bootstrap/node.js:743:3)
will listen on port 4445
server listening on port 4445
